Lvl 003 [0x0005A2C8-0x0005A2D0[ xor 0x57 30303030303030303030303030303030 -> 97D9A926778C62B9196E42023A381FA8 GoodEncFault Column:3
Lvl 004 [0x0005A2CA-0x0005A2CC[ xor 0xFE 30303030303030303030303030303030 -> 97D9A926778C62B9196E42023A381FA8 GoodEncFault Column:3
Lvl 004 [0x0005A2CA-0x0005A2CC[ xor 0x69 30303030303030303030303030303030 -> 97D9A926778C62B9196E42023A381FA8 GoodEncFault Column:3
Lvl 004 [0x0005A2CA-0x0005A2CC[ xor 0x1E 30303030303030303030303030303030 -> 97D9A926778C62B9196E42023A381FA8 GoodEncFault Column:3
Lvl 008 [0x000478A6-0x000478A7[ xor 0xC5 30303030303030303030303030303030 -> 97D93D9A770035B95406420224381F91 GoodEncFault Column:2
Lvl 008 [0x000478A6-0x000478A7[ xor 0x7D 30303030303030303030303030303030 -> 97D9069A774C35B9AE06420224381F48 GoodEncFault Column:2
Lvl 008 [0x000478A6-0x000478A7[ xor 0x7B 30303030303030303030303030303030 -> 97D9B49A776B35B97806420224381FDE GoodEncFault Column:2
Lvl 008 [0x000478A6-0x000478A7[ xor 0x2C 30303030303030303030303030303030 -> 97D9069A774C35B9AE06420224381F48 GoodEncFault Column:2
Lvl 008 [0x000478A7-0x000478A8[ xor 0x56 30303030303030303030303030303030 -> 9727A99A0D8C35B9190642BD243807A8 GoodEncFault Column:1
Lvl 008 [0x000478A7-0x000478A8[ xor 0x65 30303030303030303030303030303030 -> 97B7A99AA18C35B9190642962438D8A8 GoodEncFault Column:1
Lvl 008 [0x000478A7-0x000478A8[ xor 0x34 30303030303030303030303030303030 -> 9787A99A708C35B9190642AF2438CFA8 GoodEncFault Column:1
Lvl 008 [0x000478A7-0x000478A8[ xor 0x9D 30303030303030303030303030303030 -> 9701A99AE28C35B919064200243821A8 GoodEncFault Column:1
Lvl 008 [0x00049D19-0x00049D1A[ xor 0xF3 30303030303030303030303030303030 -> 97D92F9A77AA35B9E906420224381F4A GoodEncFault Column:2
Lvl 008 [0x00049D19-0x00049D1A[ xor 0x4E 30303030303030303030303030303030 -> 97D9BD9A77F435B9CA06420224381FD4 GoodEncFault Column:2
Lvl 008 [0x00049D19-0x00049D1A[ xor 0xB1 30303030303030303030303030303030 -> 97D9E09A77BA35B92306420224381F95 GoodEncFault Column:2
Lvl 008 [0x00049D19-0x00049D1A[ xor 0x31 30303030303030303030303030303030 -> 97D9B59A770B35B9D306420224381F23 GoodEncFault Column:2
Lvl 008 [0x0004CA86-0x0004CA87[ xor 0xE4 30303030303030303030303030303030 -> 90D9A99A778C35F41906D502245D1FA8 GoodEncFault Column:0
Lvl 008 [0x0004CA86-0x0004CA87[ xor 0xBD 30303030303030303030303030303030 -> 0FD9A99A778C356B1906AA0224CD1FA8 GoodEncFault Column:0
Lvl 008 [0x0004CA86-0x0004CA87[ xor 0x67 30303030303030303030303030303030 -> BDD9A99A778C351719065C02247A1FA8 GoodEncFault Column:0
Lvl 008 [0x0004CA86-0x0004CA87[ xor 0x89 30303030303030303030303030303030 -> 8CD9A99A778C35FE1906D80224021FA8 GoodEncFault Column:0
Lvl 008 [0x0004CA87-0x0004CA88[ xor 0xC2 30303030303030303030303030303030 -> 97D9A957778CF4B919804202DA381FA8 GoodEncFault Column:3
Lvl 008 [0x0004CA87-0x0004CA88[ xor 0xEA 30303030303030303030303030303030 -> 97D9A974778C29B919EA42020F381FA8 GoodEncFault Column:3
